C51 COMPILER V9.60.0.0   MAIN                                                              09/25/2022 23:07:32 PAGE 1   


C51 COMPILER V9.60.0.0, COMPILATION OF MODULE MAIN
OBJECT MODULE PLACED IN .\Objects\main.obj
COMPILER INVOKED BY: D:\Keil-V5\C51\BIN\C51.EXE main.c OPTIMIZE(8,SPEED) BROWSE DEBUG OBJECTEXTEND PRINT(.\Listings\main
                    -.lst) OBJECT(.\Objects\main.obj)

line level    source

   1          #include <REGX52.H>
   2                                                            //1111 1110 1111 1101 1111 1011 1111 0111
   3          unsigned char location[] = {0xFE,0xFD,0xFB,0xF7,0xEF,0xDF,0xBF,0x7F};   
   4          unsigned char number[]  =  {0x3F,0x06,0x5B,0x4F};//0:abcdef 0011 1111;1:bc 0000 0110;2 abdeg 0101 1011;3:ab
             -cdg 0100 1111
   5          
   6          void DelayXms(unsigned xms)             //@11.0592MHz
   7          {
   8   1              unsigned char i, j;
   9   1              while(xms--)
  10   1              {
  11   2                      i = 2;
  12   2                      j = 199;
  13   2                      do
  14   2                      {
  15   3                              while (--j);
  16   3                      } while (--i);
  17   2              }
  18   1              
  19   1      }
  20          
  21          void NiXie(unsigned int NiXielocation,unsigned int num)
  22          {
  23   1              P2_7 = 1;
  24   1              switch(NiXielocation)
  25   1              {
  26   2                              case 1 : P0 = location[0];
  27   2                      break;
  28   2                              case 2 : P0 = location[1];
  29   2                      break;
  30   2                              case 3 : P0 = location[2];
  31   2                      break;
  32   2                              case 4 : P0 = location[3];
  33   2                      break;
  34   2                              case 5 : P0 = location[4];
  35   2                      break;
  36   2                              case 6 : P0 = location[5];
  37   2                      break;
  38   2                              case 7 : P0 = location[6];
  39   2                      break;
  40   2                              case 8 : P0 = location[7]; 
  41   2                      break;
  42   2              }
  43   1              P2_7 = 0;
  44   1              DelayXms(1);
  45   1              P0 = 0x00;
  46   1              P0=number[num];
  47   1      }
  48          
  49          
  50          void main()
  51          {
  52   1              while(1)
  53   1              {
C51 COMPILER V9.60.0.0   MAIN                                                              09/25/2022 23:07:32 PAGE 2   

  54   2                      NiXie(6,1);
  55   2      //              DelayXms(500);
  56   2                      NiXie(7,2);
  57   2      //              DelayXms(500);
  58   2                      NiXie(8,3);
  59   2      //              DelayXms(500);
  60   2              }
  61   1      
  62   1      }


MODULE INFORMATION:   STATIC OVERLAYABLE
   CODE SIZE        =    164    ----
   CONSTANT SIZE    =   ----    ----
   XDATA SIZE       =   ----    ----
   PDATA SIZE       =   ----    ----
   DATA SIZE        =     12    ----
   IDATA SIZE       =   ----    ----
   BIT SIZE         =   ----    ----
END OF MODULE INFORMATION.


C51 COMPILATION COMPLETE.  0 WARNING(S),  0 ERROR(S)
