C51 COMPILER V9.60.0.0   MAIN                                                              09/19/2022 23:07:25 PAGE 1   


C51 COMPILER V9.60.0.0, COMPILATION OF MODULE MAIN
OBJECT MODULE PLACED IN .\Objects\main.obj
COMPILER INVOKED BY: D:\Keil-V5\C51\BIN\C51.EXE main.c OPTIMIZE(8,SPEED) BROWSE DEBUG OBJECTEXTEND PRINT(.\Listings\main
                    -.lst) OBJECT(.\Objects\main.obj)

line level    source

   1          #include <REGX52.H>
   2          
   3          void Delay1ms(unsigned int xms)         //@11.0592MHz
   4          {
   5   1              unsigned char i, j;
   6   1              while(xms)
   7   1              {
   8   2                      i = 2;
   9   2                      j = 199;
  10   2                      do
  11   2                      {
  12   3                              while (--j);
  13   3                      } while (--i);
  14   2                      xms--;
  15   2              }
  16   1      }
  17          
  18          
  19          void main()
  20          {
  21   1              P1_0 = 1;       //一位给低电平 亮灯
  22   1              while(1)
  23   1              {
  24   2                      if(P3_0 == 0)
  25   2                      {
  26   3                              Delay1ms(20);
  27   3                              while(P3_0 == 0);
  28   3                              Delay1ms(20);
  29   3                              P1_0 = ~P1_0;
  30   3                      }else
  31   2                      {
  32   3                              P1_0 = 1;
  33   3                      }
  34   2              }
  35   1      }


MODULE INFORMATION:   STATIC OVERLAYABLE
   CODE SIZE        =     50    ----
   CONSTANT SIZE    =   ----    ----
   XDATA SIZE       =   ----    ----
   PDATA SIZE       =   ----    ----
   DATA SIZE        =   ----    ----
   IDATA SIZE       =   ----    ----
   BIT SIZE         =   ----    ----
END OF MODULE INFORMATION.


C51 COMPILATION COMPLETE.  0 WARNING(S),  0 ERROR(S)
